<?xml version="1.0" encoding="UTF-8"?>
<testng-results ignored="0" total="1" passed="1" failed="0" skipped="0">
  <reporter-output>
  </reporter-output>
  <suite started-at="2023-04-10T20:58:10 ART" name="Default suite" finished-at="2023-04-10T20:58:14 ART" duration-ms="3865">
    <groups>
    </groups>
    <test started-at="2023-04-10T20:58:10 ART" name="Default test" finished-at="2023-04-10T20:58:14 ART" duration-ms="3865">
      <class name="edit.CeduacionIT13032023.laboratorio15">
        <test-method is-config="true" signature="beforetest()[pri:0, instance:edit.CeduacionIT13032023.laboratorio15@6c1a5b54]" started-at="2023-04-10T20:58:10 ART" name="beforetest" finished-at="2023-04-10T20:58:14 ART" duration-ms="3837" status="PASS">
          <reporter-output>
          </reporter-output>
        </test-method> <!-- beforetest -->
        <test-method signature="imprimirValoresTabla()[pri:0, instance:edit.CeduacionIT13032023.laboratorio15@6c1a5b54]" started-at="2023-04-10T20:58:14 ART" name="imprimirValoresTabla" finished-at="2023-04-10T20:58:14 ART" duration-ms="3" status="PASS">
          <reporter-output>
          </reporter-output>
        </test-method> <!-- imprimirValoresTabla -->
      </class> <!-- edit.CeduacionIT13032023.laboratorio15 -->
    </test> <!-- Default test -->
  </suite> <!-- Default suite -->
</testng-results>
