<?xml version="1.0" encoding="UTF-8"?>
<!-- Generated by org.testng.reporters.JUnitReportReporter -->
<testsuite hostname="Pcasa" failures="1" tests="2" name="edit.CeduacionIT13032023.laboratorio5" time="11.513" errors="0" timestamp="2023-03-29T20:30:30 ART" skipped="0">
  <testcase classname="edit.CeduacionIT13032023.laboratorio5" name="buscarPalabraChrome" time="1.096">
    <failure message="expected [http://automationpractice.pl/index.php?controller=search&amp;orderby=position&amp;orderway=desc&amp;search_query=blouse&amp;submit_search=] but found [http://automationpractice.pl/index.php?controller=search&amp;orderby=position&amp;orderway=desc&amp;search_query=dress&amp;submit_search=]" type="java.lang.AssertionError">
      <![CDATA[java.lang.AssertionError: expected [http://automationpractice.pl/index.php?controller=search&orderby=position&orderway=desc&search_query=blouse&submit_search=] but found [http://automationpractice.pl/index.php?controller=search&orderby=position&orderway=desc&search_query=dress&submit_search=]
at org.testng.Assert.fail(Assert.java:110)
at org.testng.Assert.failNotEquals(Assert.java:1577)
at org.testng.Assert.assertEqualsImpl(Assert.java:149)
at org.testng.Assert.assertEquals(Assert.java:131)
at org.testng.Assert.assertEquals(Assert.java:655)
at org.testng.Assert.assertEquals(Assert.java:665)
at edit.CeduacionIT13032023.laboratorio5.buscarPalabraChrome(laboratorio5.java:81)
at java.base/jdk.internal.reflect.DirectMethodHandleAccessor.invoke(DirectMethodHandleAccessor.java:104)
at java.base/java.lang.reflect.Method.invoke(Method.java:577)
at org.testng.internal.invokers.MethodInvocationHelper.invokeMethod(MethodInvocationHelper.java:139)
at org.testng.internal.invokers.TestInvoker.invokeMethod(TestInvoker.java:677)
at org.testng.internal.invokers.TestInvoker.invokeTestMethod(TestInvoker.java:221)
at org.testng.internal.invokers.MethodRunner.runInSequence(MethodRunner.java:50)
at org.testng.internal.invokers.TestInvoker$MethodInvocationAgent.invoke(TestInvoker.java:969)
at org.testng.internal.invokers.TestInvoker.invokeTestMethods(TestInvoker.java:194)
at org.testng.internal.invokers.TestMethodWorker.invokeTestMethods(TestMethodWorker.java:148)
at org.testng.internal.invokers.TestMethodWorker.run(TestMethodWorker.java:128)
at java.base/java.util.ArrayList.forEach(ArrayList.java:1511)
at org.testng.TestRunner.privateRun(TestRunner.java:829)
at org.testng.TestRunner.run(TestRunner.java:602)
at org.testng.SuiteRunner.runTest(SuiteRunner.java:437)
at org.testng.SuiteRunner.runSequentially(SuiteRunner.java:431)
at org.testng.SuiteRunner.privateRun(SuiteRunner.java:391)
at org.testng.SuiteRunner.run(SuiteRunner.java:330)
at org.testng.SuiteRunnerWorker.runSuite(SuiteRunnerWorker.java:52)
at org.testng.SuiteRunnerWorker.run(SuiteRunnerWorker.java:95)
at org.testng.TestNG.runSuitesSequentially(TestNG.java:1256)
at org.testng.TestNG.runSuitesLocally(TestNG.java:1176)
at org.testng.TestNG.runSuites(TestNG.java:1099)
at org.testng.TestNG.run(TestNG.java:1067)
at org.testng.remote.AbstractRemoteTestNG.run(AbstractRemoteTestNG.java:115)
at org.testng.remote.RemoteTestNG.initAndRun(RemoteTestNG.java:251)
at org.testng.remote.RemoteTestNG.main(RemoteTestNG.java:77)
]]>
    </failure>
  </testcase> <!-- buscarPalabraChrome -->
  <system-out/>
  <testcase classname="edit.CeduacionIT13032023.laboratorio5" name="irAcontactUs" time="10.417"/>
  <system-out/>
</testsuite> <!-- edit.CeduacionIT13032023.laboratorio5 -->
